# JRE version: OpenJDK Runtime Environment (17.0.4+8) (build 17.0.4+8-Ubuntu-122.04)
# Java VM: OpenJDK 64-Bit Server VM (17.0.4+8-Ubuntu-122.04, mixed mode, tiered, compressed oops, compressed class ptrs, g1 gc, linux-amd64)
GC Precious Log:
 CPUs: 12 total, 12 available
 Memory: 15946M
 Large Page Support: Disabled
 NUMA Support: Disabled
 Compressed Oops: Enabled (Zero based)
 Heap Region Size: 2M
 Heap Min Capacity: 8M
 Heap Initial Capacity: 250M
 Heap Max Capacity: 3988M
 Pre-touch: Disabled
 Parallel Workers: 10
 Concurrent Workers: 3
 Concurrent Refinement Workers: 10
 Periodic GC: Disabled
Heap:
 garbage-first heap   total 172032K, used 134034K [0x00000006c6c00000, 0x00000007c0000000)
  region size 2048K, 8 young (16384K), 1 survivors (2048K)
 Metaspace       used 93565K, committed 94144K, reserved 1130496K
  class space    used 12819K, committed 13120K, reserved 1048576K
GC Heap History (20 events):
Event: 9,765 GC heap before
{Heap before GC invocations=31 (full 0):
 garbage-first heap   total 131072K, used 103078K [0x00000006c6c00000, 0x00000007c0000000)
  region size 2048K, 23 young (47104K), 3 survivors (6144K)
 Metaspace       used 84339K, committed 84736K, reserved 1122304K
  class space    used 11944K, committed 12160K, reserved 1048576K
}
Event: 9,768 GC heap after
{Heap after GC invocations=32 (full 0):
 garbage-first heap   total 131072K, used 64658K [0x00000006c6c00000, 0x00000007c0000000)
  region size 2048K, 3 young (6144K), 3 survivors (6144K)
 Metaspace       used 84339K, committed 84736K, reserved 1122304K
  class space    used 11944K, committed 12160K, reserved 1048576K
}
Event: 9,849 GC heap before
{Heap before GC invocations=33 (full 0):
 garbage-first heap   total 131072K, used 103570K [0x00000006c6c00000, 0x00000007c0000000)
  region size 2048K, 22 young (45056K), 3 survivors (6144K)
 Metaspace       used 84417K, committed 84800K, reserved 1122304K
  class space    used 11952K, committed 12160K, reserved 1048576K
}
Event: 9,852 GC heap after
{Heap after GC invocations=34 (full 0):
 garbage-first heap   total 131072K, used 67589K [0x00000006c6c00000, 0x00000007c0000000)
  region size 2048K, 3 young (6144K), 3 survivors (6144K)
 Metaspace       used 84417K, committed 84800K, reserved 1122304K
  class space    used 11952K, committed 12160K, reserved 1048576K
}
Event: 9,957 GC heap before
{Heap before GC invocations=34 (full 0):
 garbage-first heap   total 131072K, used 106501K [0x00000006c6c00000, 0x00000007c0000000)
  region size 2048K, 22 young (45056K), 3 survivors (6144K)
 Metaspace       used 84503K, committed 84864K, reserved 1122304K
  class space    used 11958K, committed 12160K, reserved 1048576K
}
Event: 9,960 GC heap after
{Heap after GC invocations=35 (full 0):
 garbage-first heap   total 131072K, used 69740K [0x00000006c6c00000, 0x00000007c0000000)
  region size 2048K, 3 young (6144K), 3 survivors (6144K)
 Metaspace       used 84503K, committed 84864K, reserved 1122304K
  class space    used 11958K, committed 12160K, reserved 1048576K
}
Event: 10,190 GC heap before
{Heap before GC invocations=36 (full 0):
 garbage-first heap   total 131072K, used 104556K [0x00000006c6c00000, 0x00000007c0000000)
  region size 2048K, 21 young (43008K), 3 survivors (6144K)
 Metaspace       used 87293K, committed 87744K, reserved 1130496K
  class space    used 12206K, committed 12416K, reserved 1048576K
}
Event: 10,193 GC heap after
{Heap after GC invocations=37 (full 0):
 garbage-first heap   total 131072K, used 73373K [0x00000006c6c00000, 0x00000007c0000000)
  region size 2048K, 3 young (6144K), 3 survivors (6144K)
 Metaspace       used 87293K, committed 87744K, reserved 1130496K
  class space    used 12206K, committed 12416K, reserved 1048576K
}
Event: 10,258 GC heap before
{Heap before GC invocations=37 (full 0):
 garbage-first heap   total 131072K, used 106141K [0x00000006c6c00000, 0x00000007c0000000)
  region size 2048K, 19 young (38912K), 3 survivors (6144K)
 Metaspace       used 87502K, committed 88000K, reserved 1130496K
  class space    used 12230K, committed 12480K, reserved 1048576K
}
Event: 10,260 GC heap after
{Heap after GC invocations=38 (full 0):
 garbage-first heap   total 131072K, used 75485K [0x00000006c6c00000, 0x00000007c0000000)
  region size 2048K, 2 young (4096K), 2 survivors (4096K)
 Metaspace       used 87502K, committed 88000K, reserved 1130496K
  class space    used 12230K, committed 12480K, reserved 1048576K
}
Event: 10,650 GC heap before
{Heap before GC invocations=39 (full 0):
 garbage-first heap   total 141312K, used 104157K [0x00000006c6c00000, 0x00000007c0000000)
  region size 2048K, 17 young (34816K), 2 survivors (4096K)
 Metaspace       used 91227K, committed 91712K, reserved 1130496K
  class space    used 12608K, committed 12864K, reserved 1048576K
}
Event: 10,652 GC heap after
{Heap after GC invocations=40 (full 0):
 garbage-first heap   total 141312K, used 77297K [0x00000006c6c00000, 0x00000007c0000000)
  region size 2048K, 3 young (6144K), 3 survivors (6144K)
 Metaspace       used 91227K, committed 91712K, reserved 1130496K
  class space    used 12608K, committed 12864K, reserved 1048576K
}
Event: 13,300 GC heap before
{Heap before GC invocations=40 (full 0):
 garbage-first heap   total 141312K, used 116209K [0x00000006c6c00000, 0x00000007c0000000)
  region size 2048K, 22 young (45056K), 3 survivors (6144K)
 Metaspace       used 92402K, committed 92928K, reserved 1130496K
  class space    used 12709K, committed 12992K, reserved 1048576K
}
Event: 13,302 GC heap after
{Heap after GC invocations=41 (full 0):
 garbage-first heap   total 141312K, used 78804K [0x00000006c6c00000, 0x00000007c0000000)
  region size 2048K, 2 young (4096K), 2 survivors (4096K)
 Metaspace       used 92402K, committed 92928K, reserved 1130496K
  class space    used 12709K, committed 12992K, reserved 1048576K
}
Event: 14,208 GC heap before
{Heap before GC invocations=42 (full 0):
 garbage-first heap   total 141312K, used 82900K [0x00000006c6c00000, 0x00000007c0000000)
  region size 2048K, 5 young (10240K), 2 survivors (4096K)
 Metaspace       used 92518K, committed 92992K, reserved 1130496K
  class space    used 12740K, committed 12992K, reserved 1048576K
}
Event: 14,210 GC heap after
{Heap after GC invocations=43 (full 0):
 garbage-first heap   total 141312K, used 79046K [0x00000006c6c00000, 0x00000007c0000000)
  region size 2048K, 1 young (2048K), 1 survivors (2048K)
 Metaspace       used 92518K, committed 92992K, reserved 1130496K
  class space    used 12740K, committed 12992K, reserved 1048576K
}
Event: 109,768 GC heap before
{Heap before GC invocations=44 (full 0):
 garbage-first heap   total 172032K, used 158918K [0x00000006c6c00000, 0x00000007c0000000)
  region size 2048K, 20 young (40960K), 1 survivors (2048K)
 Metaspace       used 93405K, committed 93952K, reserved 1130496K
  class space    used 12816K, committed 13120K, reserved 1048576K
}
Event: 109,770 GC heap after
{Heap after GC invocations=45 (full 0):
 garbage-first heap   total 172032K, used 121466K [0x00000006c6c00000, 0x00000007c0000000)
  region size 2048K, 2 young (4096K), 2 survivors (4096K)
 Metaspace       used 93405K, committed 93952K, reserved 1130496K
  class space    used 12816K, committed 13120K, reserved 1048576K
}
Event: 112,370 GC heap before
{Heap before GC invocations=45 (full 0):
 garbage-first heap   total 172032K, used 125562K [0x00000006c6c00000, 0x00000007c0000000)
  region size 2048K, 4 young (8192K), 2 survivors (4096K)
 Metaspace       used 93451K, committed 94016K, reserved 1130496K
  class space    used 12816K, committed 13120K, reserved 1048576K
}
Event: 112,373 GC heap after
{Heap after GC invocations=46 (full 0):
 garbage-first heap   total 172032K, used 121746K [0x00000006c6c00000, 0x00000007c0000000)
  region size 2048K, 1 young (2048K), 1 survivors (2048K)
 Metaspace       used 93451K, committed 94016K, reserved 1130496K
  class space    used 12816K, committed 13120K, reserved 1048576K
}

